Línea 20: la clase TabDlg.SSTab del control SSTab1 no era una clase de control cargada.
Línea 883: la clase MSMask.MaskEdBox del control mskUltimo no era una clase de control cargada.
Línea 894: la clase MSDataGridLib.DataGrid del control DGUniSer no era una clase de control cargada.
Línea 969: la clase MSAdodcLib.Adodc del control adoUniSer no era una clase de control cargada.
Línea 1016: la clase MSAdodcLib.Adodc del control adoUniPer no era una clase de control cargada.
Línea 1063: la clase MSAdodcLib.Adodc del control adoSLaboral no era una clase de control cargada.
Línea 1110: la clase MSAdodcLib.Adodc del control adoGrado no era una clase de control cargada.
Línea 1157: la clase MSAdodcLib.Adodc del control adoEstCiv no era una clase de control cargada.
Línea 1204: la clase MSDataGridLib.DataGrid del control DataGrid1 no era una clase de control cargada.
Línea 1276: la clase MSAdodcLib.Adodc del control adocatsocio no era una clase de control cargada.
Línea 1323: la clase MSDataGridLib.DataGrid del control DGEstCiv no era una clase de control cargada.
Línea 1395: la clase MSDataGridLib.DataGrid del control DGGdo no era una clase de control cargada.
Línea 1467: la clase MSDataGridLib.DataGrid del control DGSitLab no era una clase de control cargada.
Línea 1540: la clase MSDataGridLib.DataGrid del control DGUniPer no era una clase de control cargada.
Línea 1612: la clase MSAdodcLib.Adodc del control adoGrupo no era una clase de control cargada.
Línea 1659: la clase MSDataGridLib.DataGrid del control DataGrid2 no era una clase de control cargada.
Línea 1725: la clase MSAdodcLib.Adodc del control adoFunc no era una clase de control cargada.
Línea 1772: la clase MSDataGridLib.DataGrid del control DataGrid3 no era una clase de control cargada.
Línea 1868: la clase MSAdodcLib.Adodc del control adoTC no era una clase de control cargada.
Línea 1915: la clase MSDataGridLib.DataGrid del control DataGrid4 no era una clase de control cargada.
